<?xml version="1.0" encoding="UTF-8"?>
<testsuite name="Assignment_1.UserTest" tests="6" skipped="0" failures="0" errors="0" timestamp="2022-09-29T06:34:23" hostname="T_Hung" time="0.006">
  <properties/>
  <testcase name="TestGetPwd()" classname="Assignment_1.UserTest" time="0.0"/>
  <testcase name="TestSetPwd()" classname="Assignment_1.UserTest" time="0.001"/>
  <testcase name="TestGetUserName()" classname="Assignment_1.UserTest" time="0.004"/>
  <testcase name="TestsetName()" classname="Assignment_1.UserTest" time="0.001"/>
  <testcase name="TestGetAuthority()" classname="Assignment_1.UserTest" time="0.0"/>
  <testcase name="TestGetUserNotNull()" classname="Assignment_1.UserTest" time="0.0"/>
  <system-out><![CDATA[]]></system-out>
  <system-err><![CDATA[]]></system-err>
</testsuite>
