<?xml version="1.0" encoding="UTF-8"?>
<testsuite name="Assignment_1.RateDateTest" tests="2" skipped="0" failures="0" errors="0" timestamp="2022-09-29T06:34:23" hostname="T_Hung" time="0.001">
  <properties/>
  <testcase name="TestGetDate()" classname="Assignment_1.RateDateTest" time="0.0"/>
  <testcase name="TestGetRate()" classname="Assignment_1.RateDateTest" time="0.001"/>
  <system-out><![CDATA[]]></system-out>
  <system-err><![CDATA[]]></system-err>
</testsuite>
