<?xml version="1.0" encoding="UTF-8"?>
<testsuite name="Assignment_1.AppTest" tests="1" skipped="0" failures="0" errors="0" timestamp="2022-09-29T06:34:23" hostname="T_Hung" time="0.058">
  <properties/>
  <testcase name="testAppConstructor()" classname="Assignment_1.AppTest" time="0.058"/>
  <system-out><![CDATA[]]></system-out>
  <system-err><![CDATA[]]></system-err>
</testsuite>
